<?xml version="1.0" encoding="UTF-8"?>
<testng-results skipped="0" failed="0" ignored="0" total="1" passed="1">
  <reporter-output>
  </reporter-output>
  <suite name="Default Suite" duration-ms="10671" started-at="2019-12-09T06:41:31Z" finished-at="2019-12-09T06:41:42Z">
    <groups>
    </groups>
    <test name="spreetestautomation" duration-ms="10671" started-at="2019-12-09T06:41:31Z" finished-at="2019-12-09T06:41:42Z">
      <class name="LoginSpree">
        <test-method status="PASS" signature="setupTestData()[pri:0, instance:LoginSpree@4563e9ab]" name="setupTestData" is-config="true" duration-ms="4540" started-at="2019-12-09T06:41:32Z" finished-at="2019-12-09T06:41:36Z">
          <reporter-output>
          </reporter-output>
        </test-method> <!-- setupTestData -->
        <test-method status="PASS" signature="verifyLoginLogout()[pri:0, instance:LoginSpree@4563e9ab]" name="verifyLoginLogout" duration-ms="6108" started-at="2019-12-09T06:41:36Z" finished-at="2019-12-09T06:41:42Z">
          <reporter-output>
          </reporter-output>
        </test-method> <!-- verifyLoginLogout -->
      </class> <!-- LoginSpree -->
    </test> <!-- spreetestautomation -->
  </suite> <!-- Default Suite -->
</testng-results>
